<?xml version="1.0" encoding="UTF-8"?>
<!-- Generated by org.testng.reporters.JUnitXMLReporter -->
<testsuite hostname="DESKTOP-2P11HHG" ignored="6" name="Test" tests="14" failures="0" timestamp="09 Aug 2017 04:23:03 GMT" time="114.356" errors="0">
  <testcase name="calculateBalanceForEmployed" time="19.121" classname="co.westpac.testscripts.KiwiCal_Employed_Balance"/>
  <testcase name="calculateBalanceForNotEmployed" time="17.655" classname="co.westpac.testscripts.KiwiCal_NotEmployed_Balance"/>
  <testcase name="calculateBalanceForSelfEmployed" time="13.127" classname="co.westpac.testscripts.KiwiCal_SelfEmployed_Balance"/>
  <testcase name="navigateToCalculator" time="5.859" classname="co.westpac.testscripts.KiwiCal_InfoIconValidation"/>
  <testcase name="validateCurrentAgeInfoIcon" time="0.839" classname="co.westpac.testscripts.KiwiCal_InfoIconValidation"/>
  <testcase name="validateEmploymentStatusInfoIcon" time="0.853" classname="co.westpac.testscripts.KiwiCal_InfoIconValidation"/>
  <testcase name="validateSalaryPerYearInfoIcon" time="1.682" classname="co.westpac.testscripts.KiwiCal_InfoIconValidation"/>
  <testcase name="validateMemberContributionInfoIcon" time="0.934" classname="co.westpac.testscripts.KiwiCal_InfoIconValidation"/>
  <testcase name="validatePirInfoIcon" time="0.879" classname="co.westpac.testscripts.KiwiCal_InfoIconValidation"/>
  <testcase name="validateFindMyRateInfoIcon" time="1.229" classname="co.westpac.testscripts.KiwiCal_InfoIconValidation"/>
  <testcase name="validateKiwiSaverBalanceInfoIcon" time="0.991" classname="co.westpac.testscripts.KiwiCal_InfoIconValidation"/>
  <testcase name="validateVoluntaryContributionsInfoIcon" time="0.855" classname="co.westpac.testscripts.KiwiCal_InfoIconValidation"/>
  <testcase name="validateRiskProfileInfoIcon" time="0.897" classname="co.westpac.testscripts.KiwiCal_InfoIconValidation"/>
  <testcase name="validateSavingsGoalInfoIcon" time="0.953" classname="co.westpac.testscripts.KiwiCal_InfoIconValidation"/>
  <testcase name="@BeforeTest BrowserInit" time="0.0" classname="co.westpac.generic.SuperTestNg">
    <ignored/>
  </testcase> <!-- @BeforeTest BrowserInit -->
  <testcase name="@BeforeTest BrowserInit" time="0.0" classname="co.westpac.generic.SuperTestNg">
    <ignored/>
  </testcase> <!-- @BeforeTest BrowserInit -->
  <testcase name="@BeforeTest BrowserInit" time="0.0" classname="co.westpac.generic.SuperTestNg">
    <ignored/>
  </testcase> <!-- @BeforeTest BrowserInit -->
  <testcase name="@AfterTest CloseBrowser" time="0.0" classname="co.westpac.generic.SuperTestNg">
    <ignored/>
  </testcase> <!-- @AfterTest CloseBrowser -->
  <testcase name="@AfterTest CloseBrowser" time="0.0" classname="co.westpac.generic.SuperTestNg">
    <ignored/>
  </testcase> <!-- @AfterTest CloseBrowser -->
  <testcase name="@AfterTest CloseBrowser" time="0.0" classname="co.westpac.generic.SuperTestNg">
    <ignored/>
  </testcase> <!-- @AfterTest CloseBrowser -->
</testsuite> <!-- Test -->
