<?xml version="1.0" encoding="UTF-8"?>
<!-- Generated by org.testng.reporters.JUnitXMLReporter -->
<testsuite hostname="DESKTOP-2P11HHG" ignored="6" name="Test" tests="14" failures="0" timestamp="08 Aug 2017 21:12:05 GMT" time="178.295" errors="0">
  <testcase name="calculateBalanceForEmployed" time="24.194" classname="co.westpac.testscripts.KiwiCal_Employed_Balance"/>
  <testcase name="calculateBalanceForNotEmployed" time="15.5" classname="co.westpac.testscripts.KiwiCal_NotEmployed_Balance"/>
  <testcase name="calculateBalanceForSelfEmployed" time="15.092" classname="co.westpac.testscripts.KiwiCal_SelfEmployed_Balance"/>
  <testcase name="navigateToCalculator" time="6.979" classname="co.westpac.testscripts.KiwiCal_InfoIconValidation"/>
  <testcase name="validateCurrentAgeInfoIcon" time="0.895" classname="co.westpac.testscripts.KiwiCal_InfoIconValidation"/>
  <testcase name="validateEmploymentStatusInfoIcon" time="0.779" classname="co.westpac.testscripts.KiwiCal_InfoIconValidation"/>
  <testcase name="validateSalaryPerYearInfoIcon" time="1.573" classname="co.westpac.testscripts.KiwiCal_InfoIconValidation"/>
  <testcase name="validateMemberContributionInfoIcon" time="0.781" classname="co.westpac.testscripts.KiwiCal_InfoIconValidation"/>
  <testcase name="validatePirInfoIcon" time="1.195" classname="co.westpac.testscripts.KiwiCal_InfoIconValidation"/>
  <testcase name="validateFindMyRateInfoIcon" time="1.135" classname="co.westpac.testscripts.KiwiCal_InfoIconValidation"/>
  <testcase name="validateKiwiSaverBalanceInfoIcon" time="0.877" classname="co.westpac.testscripts.KiwiCal_InfoIconValidation"/>
  <testcase name="validateVoluntaryContributionsInfoIcon" time="0.819" classname="co.westpac.testscripts.KiwiCal_InfoIconValidation"/>
  <testcase name="validateRiskProfileInfoIcon" time="0.78" classname="co.westpac.testscripts.KiwiCal_InfoIconValidation"/>
  <testcase name="validateSavingsGoalInfoIcon" time="0.835" classname="co.westpac.testscripts.KiwiCal_InfoIconValidation"/>
  <testcase name="@BeforeTest BrowserInit" time="0.0" classname="co.westpac.generic.SuperTestNg">
    <ignored/>
  </testcase> <!-- @BeforeTest BrowserInit -->
  <testcase name="@BeforeTest BrowserInit" time="0.0" classname="co.westpac.generic.SuperTestNg">
    <ignored/>
  </testcase> <!-- @BeforeTest BrowserInit -->
  <testcase name="@BeforeTest BrowserInit" time="0.0" classname="co.westpac.generic.SuperTestNg">
    <ignored/>
  </testcase> <!-- @BeforeTest BrowserInit -->
  <testcase name="@AfterTest CloseBrowser" time="0.0" classname="co.westpac.generic.SuperTestNg">
    <ignored/>
  </testcase> <!-- @AfterTest CloseBrowser -->
  <testcase name="@AfterTest CloseBrowser" time="0.0" classname="co.westpac.generic.SuperTestNg">
    <ignored/>
  </testcase> <!-- @AfterTest CloseBrowser -->
  <testcase name="@AfterTest CloseBrowser" time="0.0" classname="co.westpac.generic.SuperTestNg">
    <ignored/>
  </testcase> <!-- @AfterTest CloseBrowser -->
</testsuite> <!-- Test -->
