<?xml version="1.0" encoding="UTF-8"?>
<testng-results skipped="0" failed="0" ignored="6" total="20" passed="14">
  <reporter-output>
    <line>
      <![CDATA[User is able to calculate his projected balance at retirement]]>
    </line>
    <line>
      <![CDATA[User is able to calculate his projected balance at retirement]]>
    </line>
    <line>
      <![CDATA[User is able to calculate his projected balance at retirement]]>
    </line>
    <line>
      <![CDATA[Expected message is displayed after clicking on Current Age help icon]]>
    </line>
    <line>
      <![CDATA[Expected message is displayed after clicking on Employment Status help icon]]>
    </line>
    <line>
      <![CDATA[Expected message is displayed after clicking on salary per year help icon]]>
    </line>
    <line>
      <![CDATA[Expected message is displayed after clicking on Member Contribution help icon]]>
    </line>
    <line>
      <![CDATA[Expected message is displayed after clicking on PIR help icon]]>
    </line>
    <line>
      <![CDATA[Expected message is displayed after clicking on Find My Rate help icon]]>
    </line>
    <line>
      <![CDATA[Expected message is not displayed after clicking on Kiwi Saver Balance help icon]]>
    </line>
    <line>
      <![CDATA[Expected message is displayed after clicking on Voluntary Contributions help icon]]>
    </line>
    <line>
      <![CDATA[Expected message is displayed after clicking on Risk Profile help icon]]>
    </line>
    <line>
      <![CDATA[Expected message is displayed after clicking on Savings Goal help icon]]>
    </line>
  </reporter-output>
  <suite name="Suite" duration-ms="178295" started-at="2017-08-08T21:09:05Z" finished-at="2017-08-08T21:12:03Z">
    <groups>
    </groups>
    <test name="Test" duration-ms="178295" started-at="2017-08-08T21:09:05Z" finished-at="2017-08-08T21:12:03Z">
      <class name="co.westpac.testscripts.KiwiCal_Employed_Balance">
        <test-method status="PASS" signature="BrowserInit()[pri:0, instance:co.westpac.testscripts.KiwiCal_Employed_Balance@4416d64f]" name="BrowserInit" is-config="true" duration-ms="57256" started-at="2017-08-09T02:39:05Z" finished-at="2017-08-09T02:40:02Z">
          <reporter-output>
          </reporter-output>
        </test-method> <!-- BrowserInit -->
        <test-method status="PASS" signature="LaunchURL()[pri:0, instance:co.westpac.testscripts.KiwiCal_Employed_Balance@4416d64f]" name="LaunchURL" is-config="true" duration-ms="24217" started-at="2017-08-09T02:40:03Z" finished-at="2017-08-09T02:40:27Z">
          <reporter-output>
          </reporter-output>
        </test-method> <!-- LaunchURL -->
        <test-method status="PASS" signature="calculateBalanceForEmployed()[pri:0, instance:co.westpac.testscripts.KiwiCal_Employed_Balance@4416d64f]" name="calculateBalanceForEmployed" duration-ms="24194" started-at="2017-08-09T02:40:27Z" finished-at="2017-08-09T02:40:51Z">
          <reporter-output>
            <line>
              <![CDATA[User is able to calculate his projected balance at retirement]]>
            </line>
          </reporter-output>
        </test-method> <!-- calculateBalanceForEmployed -->
        <test-method status="PASS" signature="CloseBrowser()[pri:0, instance:co.westpac.testscripts.KiwiCal_Employed_Balance@4416d64f]" name="CloseBrowser" is-config="true" duration-ms="3206" started-at="2017-08-09T02:42:00Z" finished-at="2017-08-09T02:42:03Z">
          <reporter-output>
          </reporter-output>
        </test-method> <!-- CloseBrowser -->
      </class> <!-- co.westpac.testscripts.KiwiCal_Employed_Balance -->
      <class name="co.westpac.testscripts.KiwiCal_SelfEmployed_Balance">
        <test-method status="PASS" signature="LaunchURL()[pri:0, instance:co.westpac.testscripts.KiwiCal_SelfEmployed_Balance@5e3d57c7]" name="LaunchURL" is-config="true" duration-ms="3271" started-at="2017-08-09T02:41:17Z" finished-at="2017-08-09T02:41:20Z">
          <reporter-output>
          </reporter-output>
        </test-method> <!-- LaunchURL -->
        <test-method status="PASS" signature="calculateBalanceForSelfEmployed()[pri:0, instance:co.westpac.testscripts.KiwiCal_SelfEmployed_Balance@5e3d57c7]" name="calculateBalanceForSelfEmployed" duration-ms="15092" started-at="2017-08-09T02:41:20Z" finished-at="2017-08-09T02:41:35Z">
          <reporter-output>
            <line>
              <![CDATA[User is able to calculate his projected balance at retirement]]>
            </line>
          </reporter-output>
        </test-method> <!-- calculateBalanceForSelfEmployed -->
      </class> <!-- co.westpac.testscripts.KiwiCal_SelfEmployed_Balance -->
      <class name="co.westpac.testscripts.KiwiCal_InfoIconValidation">
        <test-method status="PASS" signature="LaunchURL()[pri:0, instance:co.westpac.testscripts.KiwiCal_InfoIconValidation@732d0d24]" name="LaunchURL" is-config="true" duration-ms="2413" started-at="2017-08-09T02:41:36Z" finished-at="2017-08-09T02:41:38Z">
          <reporter-output>
          </reporter-output>
        </test-method> <!-- LaunchURL -->
        <test-method status="PASS" signature="navigateToCalculator()[pri:1, instance:co.westpac.testscripts.KiwiCal_InfoIconValidation@732d0d24]" name="navigateToCalculator" duration-ms="6979" started-at="2017-08-09T02:41:38Z" finished-at="2017-08-09T02:41:45Z">
          <reporter-output>
          </reporter-output>
        </test-method> <!-- navigateToCalculator -->
        <test-method status="PASS" signature="validateCurrentAgeInfoIcon()[pri:2, instance:co.westpac.testscripts.KiwiCal_InfoIconValidation@732d0d24]" name="validateCurrentAgeInfoIcon" duration-ms="895" started-at="2017-08-09T02:41:46Z" finished-at="2017-08-09T02:41:46Z">
          <reporter-output>
            <line>
              <![CDATA[Expected message is displayed after clicking on Current Age help icon]]>
            </line>
          </reporter-output>
        </test-method> <!-- validateCurrentAgeInfoIcon -->
        <test-method status="PASS" signature="validateEmploymentStatusInfoIcon()[pri:3, instance:co.westpac.testscripts.KiwiCal_InfoIconValidation@732d0d24]" name="validateEmploymentStatusInfoIcon" duration-ms="779" started-at="2017-08-09T02:41:47Z" finished-at="2017-08-09T02:41:48Z">
          <reporter-output>
            <line>
              <![CDATA[Expected message is displayed after clicking on Employment Status help icon]]>
            </line>
          </reporter-output>
        </test-method> <!-- validateEmploymentStatusInfoIcon -->
        <test-method status="PASS" signature="validateSalaryPerYearInfoIcon()[pri:4, instance:co.westpac.testscripts.KiwiCal_InfoIconValidation@732d0d24]" name="validateSalaryPerYearInfoIcon" duration-ms="1573" started-at="2017-08-09T02:41:48Z" finished-at="2017-08-09T02:41:50Z">
          <reporter-output>
            <line>
              <![CDATA[Expected message is displayed after clicking on salary per year help icon]]>
            </line>
          </reporter-output>
        </test-method> <!-- validateSalaryPerYearInfoIcon -->
        <test-method status="PASS" signature="validateMemberContributionInfoIcon()[pri:5, instance:co.westpac.testscripts.KiwiCal_InfoIconValidation@732d0d24]" name="validateMemberContributionInfoIcon" duration-ms="781" started-at="2017-08-09T02:41:50Z" finished-at="2017-08-09T02:41:51Z">
          <reporter-output>
            <line>
              <![CDATA[Expected message is displayed after clicking on Member Contribution help icon]]>
            </line>
          </reporter-output>
        </test-method> <!-- validateMemberContributionInfoIcon -->
        <test-method status="PASS" signature="validatePirInfoIcon()[pri:6, instance:co.westpac.testscripts.KiwiCal_InfoIconValidation@732d0d24]" name="validatePirInfoIcon" duration-ms="1195" started-at="2017-08-09T02:41:51Z" finished-at="2017-08-09T02:41:53Z">
          <reporter-output>
            <line>
              <![CDATA[Expected message is displayed after clicking on PIR help icon]]>
            </line>
          </reporter-output>
        </test-method> <!-- validatePirInfoIcon -->
        <test-method status="PASS" signature="validateFindMyRateInfoIcon()[pri:7, instance:co.westpac.testscripts.KiwiCal_InfoIconValidation@732d0d24]" name="validateFindMyRateInfoIcon" duration-ms="1135" started-at="2017-08-09T02:41:53Z" finished-at="2017-08-09T02:41:55Z">
          <reporter-output>
            <line>
              <![CDATA[Expected message is displayed after clicking on Find My Rate help icon]]>
            </line>
          </reporter-output>
        </test-method> <!-- validateFindMyRateInfoIcon -->
        <test-method status="PASS" signature="validateKiwiSaverBalanceInfoIcon()[pri:8, instance:co.westpac.testscripts.KiwiCal_InfoIconValidation@732d0d24]" name="validateKiwiSaverBalanceInfoIcon" duration-ms="877" started-at="2017-08-09T02:41:55Z" finished-at="2017-08-09T02:41:56Z">
          <reporter-output>
            <line>
              <![CDATA[Expected message is not displayed after clicking on Kiwi Saver Balance help icon]]>
            </line>
          </reporter-output>
        </test-method> <!-- validateKiwiSaverBalanceInfoIcon -->
        <test-method status="PASS" signature="validateVoluntaryContributionsInfoIcon()[pri:9, instance:co.westpac.testscripts.KiwiCal_InfoIconValidation@732d0d24]" name="validateVoluntaryContributionsInfoIcon" duration-ms="819" started-at="2017-08-09T02:41:56Z" finished-at="2017-08-09T02:41:57Z">
          <reporter-output>
            <line>
              <![CDATA[Expected message is displayed after clicking on Voluntary Contributions help icon]]>
            </line>
          </reporter-output>
        </test-method> <!-- validateVoluntaryContributionsInfoIcon -->
        <test-method status="PASS" signature="validateRiskProfileInfoIcon()[pri:10, instance:co.westpac.testscripts.KiwiCal_InfoIconValidation@732d0d24]" name="validateRiskProfileInfoIcon" duration-ms="780" started-at="2017-08-09T02:41:58Z" finished-at="2017-08-09T02:41:58Z">
          <reporter-output>
            <line>
              <![CDATA[Expected message is displayed after clicking on Risk Profile help icon]]>
            </line>
          </reporter-output>
        </test-method> <!-- validateRiskProfileInfoIcon -->
        <test-method status="PASS" signature="validateSavingsGoalInfoIcon()[pri:11, instance:co.westpac.testscripts.KiwiCal_InfoIconValidation@732d0d24]" name="validateSavingsGoalInfoIcon" duration-ms="835" started-at="2017-08-09T02:41:59Z" finished-at="2017-08-09T02:42:00Z">
          <reporter-output>
            <line>
              <![CDATA[Expected message is displayed after clicking on Savings Goal help icon]]>
            </line>
          </reporter-output>
        </test-method> <!-- validateSavingsGoalInfoIcon -->
      </class> <!-- co.westpac.testscripts.KiwiCal_InfoIconValidation -->
      <class name="co.westpac.testscripts.KiwiCal_NotEmployed_Balance">
        <test-method status="PASS" signature="LaunchURL()[pri:0, instance:co.westpac.testscripts.KiwiCal_NotEmployed_Balance@6bf08014]" name="LaunchURL" is-config="true" duration-ms="3241" started-at="2017-08-09T02:40:58Z" finished-at="2017-08-09T02:41:01Z">
          <reporter-output>
          </reporter-output>
        </test-method> <!-- LaunchURL -->
        <test-method status="PASS" signature="calculateBalanceForNotEmployed()[pri:0, instance:co.westpac.testscripts.KiwiCal_NotEmployed_Balance@6bf08014]" name="calculateBalanceForNotEmployed" duration-ms="15500" started-at="2017-08-09T02:41:01Z" finished-at="2017-08-09T02:41:16Z">
          <reporter-output>
            <line>
              <![CDATA[User is able to calculate his projected balance at retirement]]>
            </line>
          </reporter-output>
        </test-method> <!-- calculateBalanceForNotEmployed -->
      </class> <!-- co.westpac.testscripts.KiwiCal_NotEmployed_Balance -->
    </test> <!-- Test -->
  </suite> <!-- Suite -->
</testng-results>
